Arguments: 
  /snap/node/5953/bin/node /snap/node/5953/bin/yarn.js add @happi/joi @types/bcrypt @types/cors @types/jsonwebtoken bcrypt cors dotenv express jsonwebtoken mongoose save @types/hapi __joi

PATH: 
  /home/uty/.local/bin:/usr/local/sbin:/usr/local/bin:/usr/sbin:/usr/bin:/sbin:/bin:/usr/games:/usr/local/games:/snap/bin

Yarn version: 
  1.22.17

Node version: 
  16.14.0

Platform: 
  linux x64

Trace: 
  Error: https://registry.yarnpkg.com/@happi%2fjoi: Not found
      at Request.params.callback [as _callback] (/snap/node/5953/lib/cli.js:67029:18)
      at Request.self.callback (/snap/node/5953/lib/cli.js:140883:22)
      at Request.emit (node:events:520:28)
      at Request.<anonymous> (/snap/node/5953/lib/cli.js:141855:10)
      at Request.emit (node:events:520:28)
      at IncomingMessage.<anonymous> (/snap/node/5953/lib/cli.js:141777:12)
      at Object.onceWrapper (node:events:639:28)
      at IncomingMessage.emit (node:events:532:35)
      at endReadableNT (node:internal/streams/readable:1346:12)
      at processTicksAndRejections (node:internal/process/task_queues:83:21)

npm manifest: 
  {
    "name": "first-demo",
    "version": "1.0.0",
    "main": "index.js",
    "license": "MIT"
  }

yarn manifest: 
  No manifest

Lockfile: 
  No lockfile
